<?xml version="1.0" encoding="UTF-8"?>
<robot generator="Robot 3.1.2 (Python 3.7.4 on win32)" generated="20200316 20:05:20.296" rpa="false">
<suite id="s1" name="Second Test" source="C:\Users\nasir.shaik\PycharmProjects\PyRobotFwOne\Tests\Smoke_Tests\Second_Test.robot">
<test id="s1-t1" name="Open Google then grab the numbers of serch results found.">
<kw name="Open Browser" library="SeleniumLibrary">
<doc>Opens a new browser instance to the optional ``url``.</doc>
<arguments>
<arg>https://www.amazon.in/</arg>
<arg>chrome</arg>
</arguments>
<msg timestamp="20200316 20:05:20.466" level="INFO">Opening browser 'chrome' to base url 'https://www.amazon.in/'.</msg>
<status status="PASS" starttime="20200316 20:05:20.466" endtime="20200316 20:05:31.567"></status>
</kw>
<kw name="Input Text" library="SeleniumLibrary">
<doc>Types the given ``text`` into the text field identified by ``locator``.</doc>
<arguments>
<arg>//input[@id='twotabsearchtextbox']</arg>
<arg>Redmi</arg>
</arguments>
<msg timestamp="20200316 20:05:31.568" level="INFO">Typing text 'Redmi' into text field '//input[@id='twotabsearchtextbox']'.</msg>
<status status="PASS" starttime="20200316 20:05:31.568" endtime="20200316 20:05:32.083"></status>
</kw>
<kw name="Click Button" library="SeleniumLibrary">
<doc>Clicks the button identified by ``locator``.</doc>
<arguments>
<arg>//input[@class='nav-input'][@value='Go']</arg>
</arguments>
<msg timestamp="20200316 20:05:32.084" level="INFO">Clicking button '//input[@class='nav-input'][@value='Go']'.</msg>
<status status="PASS" starttime="20200316 20:05:32.084" endtime="20200316 20:05:35.912"></status>
</kw>
<kw name="Page Should Contain" library="SeleniumLibrary">
<doc>Verifies that current page contains ``text``.</doc>
<arguments>
<arg>results for</arg>
</arguments>
<msg timestamp="20200316 20:05:35.968" level="INFO">Current page contains text 'results for'.</msg>
<status status="PASS" starttime="20200316 20:05:35.913" endtime="20200316 20:05:35.968"></status>
</kw>
<kw name="Close Browser" library="SeleniumLibrary">
<doc>Closes the current browser.</doc>
<status status="PASS" starttime="20200316 20:05:35.969" endtime="20200316 20:05:38.115"></status>
</kw>
<doc>This test will find the number of results dislpayed for google search</doc>
<tags>
<tag>Smoke</tag>
</tags>
<status status="PASS" starttime="20200316 20:05:20.465" endtime="20200316 20:05:38.116" critical="yes"></status>
</test>
<doc>Require Selenium Library</doc>
<status status="PASS" starttime="20200316 20:05:20.297" endtime="20200316 20:05:38.120"></status>
</suite>
<statistics>
<total>
<stat pass="1" fail="0">Critical Tests</stat>
<stat pass="1" fail="0">All Tests</stat>
</total>
<tag>
<stat pass="1" fail="0">Smoke</stat>
</tag>
<suite>
<stat pass="1" fail="0" id="s1" name="Second Test">Second Test</stat>
</suite>
</statistics>
<errors>
</errors>
</robot>
