<?xml version="1.0" encoding="UTF-8"?>
<robot generator="Robot 3.1.2 (Python 3.7.4 on win32)" generated="20200317 17:10:18.365" rpa="false">
<suite id="s1" name="Third Test" source="C:\Users\nasir.shaik\PycharmProjects\PyRobotFwOne\Tests\Smoke_Tests\Third_Test.robot">
<test id="s1-t1" name="Open Google then grab the numbers of serch results found.">
<kw name="Initiating Browser">
<kw name="Open Browser" library="SeleniumLibrary">
<doc>Opens a new browser instance to the optional ``url``.</doc>
<arguments>
<arg>https://www.amazon.in/</arg>
<arg>chrome</arg>
</arguments>
<msg timestamp="20200317 17:10:18.534" level="INFO">Opening browser 'chrome' to base url 'https://www.amazon.in/'.</msg>
<status status="PASS" starttime="20200317 17:10:18.533" endtime="20200317 17:10:31.157"></status>
</kw>
<kw name="Maximize Browser Window" library="SeleniumLibrary">
<doc>Maximizes current browser window.</doc>
<status status="PASS" starttime="20200317 17:10:31.158" endtime="20200317 17:10:31.325"></status>
</kw>
<status status="PASS" starttime="20200317 17:10:18.533" endtime="20200317 17:10:31.325"></status>
</kw>
<kw name="Performing Actions">
<kw name="Input Text" library="SeleniumLibrary">
<doc>Types the given ``text`` into the text field identified by ``locator``.</doc>
<arguments>
<arg>//input[@id='twotabsearchtextbox']</arg>
<arg>Redmi</arg>
</arguments>
<msg timestamp="20200317 17:10:31.326" level="INFO">Typing text 'Redmi' into text field '//input[@id='twotabsearchtextbox']'.</msg>
<status status="PASS" starttime="20200317 17:10:31.326" endtime="20200317 17:10:31.443"></status>
</kw>
<kw name="Click Button" library="SeleniumLibrary">
<doc>Clicks the button identified by ``locator``.</doc>
<arguments>
<arg>//input[@class='nav-input'][@value='Go']</arg>
</arguments>
<msg timestamp="20200317 17:10:31.443" level="INFO">Clicking button '//input[@class='nav-input'][@value='Go']'.</msg>
<status status="PASS" starttime="20200317 17:10:31.443" endtime="20200317 17:10:33.539"></status>
</kw>
<kw name="Page Should Contain" library="SeleniumLibrary">
<doc>Verifies that current page contains ``text``.</doc>
<arguments>
<arg>results for</arg>
</arguments>
<msg timestamp="20200317 17:10:38.468" level="INFO">Current page contains text 'results for'.</msg>
<status status="PASS" starttime="20200317 17:10:33.540" endtime="20200317 17:10:38.468"></status>
</kw>
<status status="PASS" starttime="20200317 17:10:31.326" endtime="20200317 17:10:38.469"></status>
</kw>
<kw name="Terminating Session">
<kw name="Close Browser" library="SeleniumLibrary">
<doc>Closes the current browser.</doc>
<status status="PASS" starttime="20200317 17:10:38.469" endtime="20200317 17:10:41.491"></status>
</kw>
<status status="PASS" starttime="20200317 17:10:38.469" endtime="20200317 17:10:41.491"></status>
</kw>
<doc>This test will find the number of results dislpayed for google search</doc>
<tags>
<tag>Smoke</tag>
</tags>
<status status="PASS" starttime="20200317 17:10:18.532" endtime="20200317 17:10:41.491" critical="yes"></status>
</test>
<doc>Impementing Keyword functionality</doc>
<status status="PASS" starttime="20200317 17:10:18.366" endtime="20200317 17:10:41.493"></status>
</suite>
<statistics>
<total>
<stat pass="1" fail="0">Critical Tests</stat>
<stat pass="1" fail="0">All Tests</stat>
</total>
<tag>
<stat pass="1" fail="0">Smoke</stat>
</tag>
<suite>
<stat pass="1" fail="0" id="s1" name="Third Test">Third Test</stat>
</suite>
</statistics>
<errors>
</errors>
</robot>
